<?xml version="1.0" encoding="UTF-8"?>
<!-- Generated by org.testng.reporters.JUnitReportReporter -->
<testsuite skipped="3" hostname="Abhishek_Gaur" name="sep17.SecondTestNG" tests="3" failures="0" timestamp="22 Oct 2022 07:35:14 GMT" time="0.000" errors="0">
  <testcase name="multiplication" time="0.000" classname="sep17.SecondTestNG">
    <skipped/>
  </testcase> <!-- multiplication -->
  <testcase name="division" time="0.000" classname="sep17.SecondTestNG">
    <skipped/>
  </testcase> <!-- division -->
  <testcase name="addition" time="0.000" classname="sep17.SecondTestNG">
    <skipped/>
  </testcase> <!-- addition -->
</testsuite> <!-- sep17.SecondTestNG -->
