<?xml version="1.0" encoding="UTF-8"?>
<!-- Generated by org.testng.reporters.JUnitReportReporter -->
<testsuite skipped="3" hostname="Abhishek_Gaur" name="sep16.firstTestNGClass" tests="3" failures="0" timestamp="22 Oct 2022 07:35:14 GMT" time="0.000" errors="0">
  <testcase name="cbanking" time="0.000" classname="sep16.firstTestNGClass">
    <skipped/>
  </testcase> <!-- cbanking -->
  <testcase name="pbanking" time="0.000" classname="sep16.firstTestNGClass">
    <skipped/>
  </testcase> <!-- pbanking -->
  <testcase name="ibanking" time="0.000" classname="sep16.firstTestNGClass">
    <skipped/>
  </testcase> <!-- ibanking -->
</testsuite> <!-- sep16.firstTestNGClass -->
